<?xml version="1.0" encoding="UTF-8"?>
<testsuite xmlns:xsi="http://www.w3.org/2001/XMLSchema-instance" xsi:noNamespaceSchemaLocation="https://maven.apache.org/surefire/maven-surefire-plugin/xsd/surefire-test-report-3.0.xsd" version="3.0" name="sample.simple_java_program.AppTest" time="0.072" tests="1" errors="0" skipped="0" failures="0">
  <properties>
    <property name="awt.toolkit" value="sun.awt.X11.XToolkit"/>
    <property name="file.encoding.pkg" value="sun.io"/>
    <property name="java.specification.version" value="1.8"/>
    <property name="sun.cpu.isalist" value=""/>
    <property name="sun.jnu.encoding" value="UTF-8"/>
    <property name="java.class.path" value="/home/ganesh/eclipse-workspace/Moneyman/target/test-classes:/home/ganesh/eclipse-workspace/Moneyman/target/classes:/home/ganesh/.m2/repository/org/mindrot/jbcrypt/0.4/jbcrypt-0.4.jar:/home/ganesh/.m2/repository/com/fasterxml/jackson/core/jackson-databind/2.13.0/jackson-databind-2.13.0.jar:/home/ganesh/.m2/repository/com/fasterxml/jackson/core/jackson-annotations/2.13.0/jackson-annotations-2.13.0.jar:/home/ganesh/.m2/repository/com/fasterxml/jackson/datatype/jackson-datatype-jsr310/2.17.0/jackson-datatype-jsr310-2.17.0.jar:/home/ganesh/.m2/repository/com/fasterxml/jackson/core/jackson-core/2.17.0/jackson-core-2.17.0.jar:/home/ganesh/.m2/repository/log4j/log4j/1.2.15/log4j-1.2.15.jar:/home/ganesh/.m2/repository/javax/mail/mail/1.4/mail-1.4.jar:/home/ganesh/.m2/repository/javax/activation/activation/1.1/activation-1.1.jar:/home/ganesh/.m2/repository/org/slf4j/slf4j-log4j12/1.5.6/slf4j-log4j12-1.5.6.jar:/home/ganesh/.m2/repository/org/slf4j/slf4j-api/1.5.6/slf4j-api-1.5.6.jar:/home/ganesh/.m2/repository/org/springframework/spring-test/4.2.0.RELEASE/spring-test-4.2.0.RELEASE.jar:/home/ganesh/.m2/repository/org/springframework/spring-core/4.2.0.RELEASE/spring-core-4.2.0.RELEASE.jar:/home/ganesh/.m2/repository/commons-logging/commons-logging/1.2/commons-logging-1.2.jar:/home/ganesh/.m2/repository/org/springframework/spring-context/4.2.0.RELEASE/spring-context-4.2.0.RELEASE.jar:/home/ganesh/.m2/repository/org/springframework/spring-aop/4.2.0.RELEASE/spring-aop-4.2.0.RELEASE.jar:/home/ganesh/.m2/repository/aopalliance/aopalliance/1.0/aopalliance-1.0.jar:/home/ganesh/.m2/repository/org/springframework/spring-beans/4.2.0.RELEASE/spring-beans-4.2.0.RELEASE.jar:/home/ganesh/.m2/repository/org/springframework/spring-expression/4.2.0.RELEASE/spring-expression-4.2.0.RELEASE.jar:/home/ganesh/.m2/repository/javax/inject/javax.inject/1/javax.inject-1.jar:/home/ganesh/.m2/repository/org/mwolff/command/2.0.0/command-2.0.0.jar:/home/ganesh/.m2/repository/org/junit/platform/junit-platform-commons/1.0.0/junit-platform-commons-1.0.0.jar:/home/ganesh/.m2/repository/org/apiguardian/apiguardian-api/1.0.0/apiguardian-api-1.0.0.jar:/home/ganesh/.m2/repository/org/junit/platform/junit-platform-engine/1.0.0/junit-platform-engine-1.0.0.jar:/home/ganesh/.m2/repository/org/opentest4j/opentest4j/1.0.0/opentest4j-1.0.0.jar:/home/ganesh/.m2/repository/org/junit/platform/junit-platform-launcher/1.0.0/junit-platform-launcher-1.0.0.jar:/home/ganesh/.m2/repository/org/junit/platform/junit-platform-runner/1.0.0/junit-platform-runner-1.0.0.jar:/home/ganesh/.m2/repository/org/junit/platform/junit-platform-suite-api/1.0.0/junit-platform-suite-api-1.0.0.jar:/home/ganesh/.m2/repository/junit/junit/4.12/junit-4.12.jar:/home/ganesh/.m2/repository/org/hamcrest/hamcrest-core/1.3/hamcrest-core-1.3.jar:/home/ganesh/.m2/repository/org/junit/platform/junit-platform-console-standalone/1.0.0/junit-platform-console-standalone-1.0.0.jar:"/>
    <property name="java.vm.vendor" value="Red Hat, Inc."/>
    <property name="sun.arch.data.model" value="64"/>
    <property name="java.vendor.url" value="https://www.redhat.com/"/>
    <property name="user.timezone" value=""/>
    <property name="java.vm.specification.version" value="1.8"/>
    <property name="os.name" value="Linux"/>
    <property name="user.country" value="IN"/>
    <property name="sun.java.launcher" value="SUN_STANDARD"/>
    <property name="sun.boot.library.path" value="/usr/lib/jvm/java-1.8.0-openjdk-1.8.0.402.b06-1.fc39.x86_64/jre/lib/amd64"/>
    <property name="sun.java.command" value="/home/ganesh/eclipse-workspace/Moneyman/target/surefire/surefirebooter-20240328100948877_3.jar /home/ganesh/eclipse-workspace/Moneyman/target/surefire 2024-03-28T10-09-48_713-jvmRun1 surefire-20240328100948877_1tmp surefire_0-20240328100948877_2tmp"/>
    <property name="surefire.test.class.path" value="/home/ganesh/eclipse-workspace/Moneyman/target/test-classes:/home/ganesh/eclipse-workspace/Moneyman/target/classes:/home/ganesh/.m2/repository/org/mindrot/jbcrypt/0.4/jbcrypt-0.4.jar:/home/ganesh/.m2/repository/com/fasterxml/jackson/core/jackson-databind/2.13.0/jackson-databind-2.13.0.jar:/home/ganesh/.m2/repository/com/fasterxml/jackson/core/jackson-annotations/2.13.0/jackson-annotations-2.13.0.jar:/home/ganesh/.m2/repository/com/fasterxml/jackson/datatype/jackson-datatype-jsr310/2.17.0/jackson-datatype-jsr310-2.17.0.jar:/home/ganesh/.m2/repository/com/fasterxml/jackson/core/jackson-core/2.17.0/jackson-core-2.17.0.jar:/home/ganesh/.m2/repository/log4j/log4j/1.2.15/log4j-1.2.15.jar:/home/ganesh/.m2/repository/javax/mail/mail/1.4/mail-1.4.jar:/home/ganesh/.m2/repository/javax/activation/activation/1.1/activation-1.1.jar:/home/ganesh/.m2/repository/org/slf4j/slf4j-log4j12/1.5.6/slf4j-log4j12-1.5.6.jar:/home/ganesh/.m2/repository/org/slf4j/slf4j-api/1.5.6/slf4j-api-1.5.6.jar:/home/ganesh/.m2/repository/org/springframework/spring-test/4.2.0.RELEASE/spring-test-4.2.0.RELEASE.jar:/home/ganesh/.m2/repository/org/springframework/spring-core/4.2.0.RELEASE/spring-core-4.2.0.RELEASE.jar:/home/ganesh/.m2/repository/commons-logging/commons-logging/1.2/commons-logging-1.2.jar:/home/ganesh/.m2/repository/org/springframework/spring-context/4.2.0.RELEASE/spring-context-4.2.0.RELEASE.jar:/home/ganesh/.m2/repository/org/springframework/spring-aop/4.2.0.RELEASE/spring-aop-4.2.0.RELEASE.jar:/home/ganesh/.m2/repository/aopalliance/aopalliance/1.0/aopalliance-1.0.jar:/home/ganesh/.m2/repository/org/springframework/spring-beans/4.2.0.RELEASE/spring-beans-4.2.0.RELEASE.jar:/home/ganesh/.m2/repository/org/springframework/spring-expression/4.2.0.RELEASE/spring-expression-4.2.0.RELEASE.jar:/home/ganesh/.m2/repository/javax/inject/javax.inject/1/javax.inject-1.jar:/home/ganesh/.m2/repository/org/mwolff/command/2.0.0/command-2.0.0.jar:/home/ganesh/.m2/repository/org/junit/platform/junit-platform-commons/1.0.0/junit-platform-commons-1.0.0.jar:/home/ganesh/.m2/repository/org/apiguardian/apiguardian-api/1.0.0/apiguardian-api-1.0.0.jar:/home/ganesh/.m2/repository/org/junit/platform/junit-platform-engine/1.0.0/junit-platform-engine-1.0.0.jar:/home/ganesh/.m2/repository/org/opentest4j/opentest4j/1.0.0/opentest4j-1.0.0.jar:/home/ganesh/.m2/repository/org/junit/platform/junit-platform-launcher/1.0.0/junit-platform-launcher-1.0.0.jar:/home/ganesh/.m2/repository/org/junit/platform/junit-platform-runner/1.0.0/junit-platform-runner-1.0.0.jar:/home/ganesh/.m2/repository/org/junit/platform/junit-platform-suite-api/1.0.0/junit-platform-suite-api-1.0.0.jar:/home/ganesh/.m2/repository/junit/junit/4.12/junit-4.12.jar:/home/ganesh/.m2/repository/org/hamcrest/hamcrest-core/1.3/hamcrest-core-1.3.jar:/home/ganesh/.m2/repository/org/junit/platform/junit-platform-console-standalone/1.0.0/junit-platform-console-standalone-1.0.0.jar:"/>
    <property name="sun.cpu.endian" value="little"/>
    <property name="user.home" value="/home/ganesh"/>
    <property name="user.language" value="en"/>
    <property name="java.specification.vendor" value="Oracle Corporation"/>
    <property name="java.home" value="/usr/lib/jvm/java-1.8.0-openjdk-1.8.0.402.b06-1.fc39.x86_64/jre"/>
    <property name="basedir" value="/home/ganesh/eclipse-workspace/Moneyman"/>
    <property name="style.color" value="always"/>
    <property name="file.separator" value="/"/>
    <property name="line.separator" value="&#10;"/>
    <property name="java.vm.specification.vendor" value="Oracle Corporation"/>
    <property name="java.specification.name" value="Java Platform API Specification"/>
    <property name="java.awt.graphicsenv" value="sun.awt.X11GraphicsEnvironment"/>
    <property name="surefire.real.class.path" value="/home/ganesh/eclipse-workspace/Moneyman/target/surefire/surefirebooter-20240328100948877_3.jar"/>
    <property name="sun.boot.class.path" value="/usr/lib/jvm/java-1.8.0-openjdk-1.8.0.402.b06-1.fc39.x86_64/jre/lib/resources.jar:/usr/lib/jvm/java-1.8.0-openjdk-1.8.0.402.b06-1.fc39.x86_64/jre/lib/rt.jar:/usr/lib/jvm/java-1.8.0-openjdk-1.8.0.402.b06-1.fc39.x86_64/jre/lib/sunrsasign.jar:/usr/lib/jvm/java-1.8.0-openjdk-1.8.0.402.b06-1.fc39.x86_64/jre/lib/jsse.jar:/usr/lib/jvm/java-1.8.0-openjdk-1.8.0.402.b06-1.fc39.x86_64/jre/lib/jce.jar:/usr/lib/jvm/java-1.8.0-openjdk-1.8.0.402.b06-1.fc39.x86_64/jre/lib/charsets.jar:/usr/lib/jvm/java-1.8.0-openjdk-1.8.0.402.b06-1.fc39.x86_64/jre/lib/jfr.jar:/usr/lib/jvm/java-1.8.0-openjdk-1.8.0.402.b06-1.fc39.x86_64/jre/classes"/>
    <property name="sun.management.compiler" value="HotSpot 64-Bit Tiered Compilers"/>
    <property name="java.runtime.version" value="1.8.0_402-b05"/>
    <property name="user.name" value="ganesh"/>
    <property name="path.separator" value=":"/>
    <property name="os.version" value="6.7.9-200.fc39.x86_64"/>
    <property name="java.endorsed.dirs" value="/usr/lib/jvm/java-1.8.0-openjdk-1.8.0.402.b06-1.fc39.x86_64/jre/lib/endorsed"/>
    <property name="java.runtime.name" value="OpenJDK Runtime Environment"/>
    <property name="file.encoding" value="UTF-8"/>
    <property name="java.vm.name" value="OpenJDK 64-Bit Server VM"/>
    <property name="localRepository" value="/home/ganesh/.m2/repository"/>
    <property name="java.vendor.url.bug" value="https://bugzilla.redhat.com/enter_bug.cgi?product=Fedora&amp;component=java-1.8.0-openjdk&amp;version=38"/>
    <property name="java.io.tmpdir" value="/tmp"/>
    <property name="java.version" value="1.8.0_402"/>
    <property name="user.dir" value="/home/ganesh/eclipse-workspace/Moneyman"/>
    <property name="os.arch" value="amd64"/>
    <property name="java.vm.specification.name" value="Java Virtual Machine Specification"/>
    <property name="java.awt.printerjob" value="sun.print.PSPrinterJob"/>
    <property name="sun.os.patch.level" value="unknown"/>
    <property name="java.library.path" value="/usr/java/packages/lib/amd64:/usr/lib64:/lib64:/lib:/usr/lib"/>
    <property name="java.vm.info" value="mixed mode"/>
    <property name="java.vendor" value="Red Hat, Inc."/>
    <property name="java.vm.version" value="25.402-b05"/>
    <property name="java.specification.maintenance.version" value="5"/>
    <property name="java.ext.dirs" value="/usr/lib/jvm/java-1.8.0-openjdk-1.8.0.402.b06-1.fc39.x86_64/jre/lib/ext:/usr/java/packages/lib/ext"/>
    <property name="sun.io.unicode.encoding" value="UnicodeLittle"/>
    <property name="java.class.version" value="52.0"/>
  </properties>
  <testcase name="testApp" classname="sample.simple_java_program.AppTest" time="0.002"/>
</testsuite>